Using pre-set license
Built from '2020.3/staging' branch; Version is '2020.3.17f1 (a4537701e4ab) revision 10769271'; Using compiler version '192528614'; Build Type 'Release'
OS: 'Windows 10 Home; OS build 19044.1586; Version 2009; 64bit' Language: 'en' Physical Memory: 3893 MB
BatchMode: 1, IsHumanControllingUs: 0, StartBugReporterOnCrash: 0, Is64bit: 1, IsPro: 0

COMMAND LINE ARGUMENTS:
C:\Program Files (x86)\Unity\Editor\Unity.exe
-adb2
-batchMode
-noUpm
-name
AssetImportWorker0
-projectPath
C:/Users/schli/Documents/High School/Computer Science/Computer Science 5-6/Unity Projects/Connect4-AI/Connect4 AI
-logFile
Logs/AssetImportWorker0.log
-srvPort
50224
Successfully changed project path to: C:/Users/schli/Documents/High School/Computer Science/Computer Science 5-6/Unity Projects/Connect4-AI/Connect4 AI
C:/Users/schli/Documents/High School/Computer Science/Computer Science 5-6/Unity Projects/Connect4-AI/Connect4 AI
Using Asset Import Pipeline V2.
Refreshing native plugins compatible for Editor in 114.26 ms, found 3 plugins.
Preloading 0 native plugins for Editor in 0.00 ms.
Initialize engine version: 2020.3.17f1 (a4537701e4ab)
[Subsystems] Discovering subsystems at path C:/Program Files (x86)/Unity/Editor/Data/Resources/UnitySubsystems
[Subsystems] Discovering subsystems at path C:/Users/schli/Documents/High School/Computer Science/Computer Science 5-6/Unity Projects/Connect4-AI/Connect4 AI/Assets
GfxDevice: creating device client; threaded=0
Direct3D:
    Version:  Direct3D 11.0 [level 10.0]
    Renderer: Intel(R) HD Graphics (ID=0x46)
    Vendor:   
    VRAM:     128 MB
    Driver:   8.15.10.2900
Initialize mono
Mono path[0] = 'C:/Program Files (x86)/Unity/Editor/Data/Managed'
Mono path[1] = 'C:/Program Files (x86)/Unity/Editor/Data/MonoBleedingEdge/lib/mono/unityjit'
Mono config path = 'C:/Program Files (x86)/Unity/Editor/Data/MonoBleedingEdge/etc'
Using monoOptions --debugger-agent=transport=dt_socket,embedding=1,server=y,suspend=n,address=127.0.0.1:56660
Begin MonoManager ReloadAssembly
Registering precompiled unity dll's ...
Register platform support module: C:/Program Files (x86)/Unity/Editor/Data/PlaybackEngines/WindowsStandaloneSupport/UnityEditor.WindowsStandalone.Extensions.dll
Registered in 0.005479 seconds.
Native extension for WindowsStandalone target not found
Refreshing native plugins compatible for Editor in 216.15 ms, found 3 plugins.
Preloading 0 native plugins for Editor in 0.00 ms.
Mono: successfully reloaded assembly
- Completed reload, in  2.999 seconds
Domain Reload Profiling:
	ReloadAssembly (2999ms)
		BeginReloadAssembly (138ms)
			ExecutionOrderSort (0ms)
			DisableScriptedObjects (0ms)
			BackupInstance (0ms)
			ReleaseScriptingObjects (0ms)
			CreateAndSetChildDomain (2ms)
		EndReloadAssembly (1447ms)
			LoadAssemblies (132ms)
			RebuildTransferFunctionScriptingTraits (0ms)
			SetupTypeCache (473ms)
			ReleaseScriptCaches (0ms)
			RebuildScriptCaches (134ms)
			SetupLoadedEditorAssemblies (614ms)
				LogAssemblyErrors (0ms)
				InitializePlatformSupportModulesInManaged (43ms)
				SetLoadedEditorAssemblies (2ms)
				RefreshPlugins (216ms)
				BeforeProcessingInitializeOnLoad (20ms)
				ProcessInitializeOnLoadAttributes (254ms)
				ProcessInitializeOnLoadMethodAttributes (78ms)
				AfterProcessingInitializeOnLoad (0ms)
				EditorAssembliesLoaded (1ms)
			ExecutionOrderSort2 (0ms)
			AwakeInstancesAfterBackupRestoration (0ms)
Platform modules already initialized, skipping
Registering precompiled user dll's ...
Registered in 0.011448 seconds.
Begin MonoManager ReloadAssembly
Native extension for WindowsStandalone target not found
Refreshing native plugins compatible for Editor in 113.03 ms, found 3 plugins.
Preloading 0 native plugins for Editor in 0.00 ms.
Mono: successfully reloaded assembly
- Completed reload, in  3.300 seconds
Domain Reload Profiling:
	ReloadAssembly (3302ms)
		BeginReloadAssembly (381ms)
			ExecutionOrderSort (0ms)
			DisableScriptedObjects (15ms)
			BackupInstance (0ms)
			ReleaseScriptingObjects (0ms)
			CreateAndSetChildDomain (44ms)
		EndReloadAssembly (2742ms)
			LoadAssemblies (244ms)
			RebuildTransferFunctionScriptingTraits (0ms)
			SetupTypeCache (911ms)
			ReleaseScriptCaches (1ms)
			RebuildScriptCaches (126ms)
			SetupLoadedEditorAssemblies (1050ms)
				LogAssemblyErrors (0ms)
				InitializePlatformSupportModulesInManaged (11ms)
				SetLoadedEditorAssemblies (0ms)
				RefreshPlugins (113ms)
				BeforeProcessingInitializeOnLoad (174ms)
				ProcessInitializeOnLoadAttributes (698ms)
				ProcessInitializeOnLoadMethodAttributes (34ms)
				AfterProcessingInitializeOnLoad (18ms)
				EditorAssembliesLoaded (0ms)
			ExecutionOrderSort2 (0ms)
			AwakeInstancesAfterBackupRestoration (18ms)
Platform modules already initialized, skipping
========================================================================
Worker process is ready to serve import requests
Launched and connected shader compiler UnityShaderCompiler.exe after 0.43 seconds
Refreshing native plugins compatible for Editor in 1.32 ms, found 3 plugins.
Preloading 0 native plugins for Editor in 0.00 ms.
Unloading 2092 Unused Serialized files (Serialized files now loaded: 0)
System memory in use before: 94.0 MB.
System memory in use after: 94.1 MB.

Unloading 28 unused Assets to reduce memory usage. Loaded Objects now: 2528.
Total: 8.452600 ms (FindLiveObjects: 0.557900 ms CreateObjectMapping: 0.210400 ms MarkObjects: 7.504600 ms  DeleteObjects: 0.176100 ms)

AssetImportParameters requested are different than current active one (requested -> active):
  custom:framework-win-MediaFoundation: 216162199b28c13a410421893ffa2e32 -> 
  custom:video-decoder-ogg-theora: a1e56fd34408186e4bbccfd4996cb3dc -> 
  custom:container-muxer-webm: aa71ff27fc2769a1b78a27578f13a17b -> 
  custom:container-demuxer-webm: 4f35f7cbe854078d1ac9338744f61a02 -> 
  custom:container-demuxer-ogg: 62fdf1f143b41e24485cea50d1cbac27 -> 
  custom:video-encoder-webm-vp8: eb34c28f22e8b96e1ab97ce403110664 -> 
  custom:video-decoder-webm-vp8: 9c59270c3fd7afecdb556c50c9e8de78 -> 
  custom:audio-decoder-ogg-vorbis: bf7c407c2cedff20999df2af8eb42d56 -> 
  custom:audio-encoder-webm-vorbis: bf7c407c2cedff20999df2af8eb42d56 -> 
========================================================================
Received Import Request.
  path: Assets/Prefabs/Yellow Piece.prefab
  artifactKey: Guid(323140dbc0f2395459fb527f6e2baf4f) Importer(815301076,1909f56bfc062723c751e8b465ee728b)
Start importing Assets/Prefabs/Yellow Piece.prefab using Guid(323140dbc0f2395459fb527f6e2baf4f) Importer(815301076,1909f56bfc062723c751e8b465ee728b)  -> (artifact id: 'c1fdeb12a20cd48c02dc5fd589cd5dd1') in 0.561963 seconds 
  Import took 0.572207 seconds .

========================================================================
Received Import Request.
  Time since last request: 0.000985 seconds.
  path: Assets/Prefabs/Red Piece.prefab
  artifactKey: Guid(36438dc9897d3ce45b1dc26ca6262ddb) Importer(815301076,1909f56bfc062723c751e8b465ee728b)
Start importing Assets/Prefabs/Red Piece.prefab using Guid(36438dc9897d3ce45b1dc26ca6262ddb) Importer(815301076,1909f56bfc062723c751e8b465ee728b)  -> (artifact id: '876f7ed0e03860d90f44b4319e3a1a49') in 0.082142 seconds 
  Import took 0.145100 seconds .

========================================================================
Received Import Request.
  Time since last request: 2235.661719 seconds.
  path: Assets/Scripts/GameFunctions.cs
  artifactKey: Guid(17a212b12cd00e1449bc47e6174ab646) Importer(815301076,1909f56bfc062723c751e8b465ee728b)
Start importing Assets/Scripts/GameFunctions.cs using Guid(17a212b12cd00e1449bc47e6174ab646) Importer(815301076,1909f56bfc062723c751e8b465ee728b)  -> (artifact id: 'fd3dab22e1ea4b21455e2f33ff6d68d9') in 0.141711 seconds 
  Import took 0.346974 seconds .

========================================================================
Received Prepare
Registering precompiled user dll's ...
Registered in 0.056878 seconds.
Begin MonoManager ReloadAssembly
Native extension for WindowsStandalone target not found
Refreshing native plugins compatible for Editor in 1.29 ms, found 3 plugins.
Preloading 0 native plugins for Editor in 0.00 ms.
Mono: successfully reloaded assembly
- Completed reload, in  3.312 seconds
Domain Reload Profiling:
	ReloadAssembly (3315ms)
		BeginReloadAssembly (491ms)
			ExecutionOrderSort (0ms)
			DisableScriptedObjects (32ms)
			BackupInstance (0ms)
			ReleaseScriptingObjects (0ms)
			CreateAndSetChildDomain (208ms)
		EndReloadAssembly (2508ms)
			LoadAssemblies (328ms)
			RebuildTransferFunctionScriptingTraits (0ms)
			SetupTypeCache (824ms)
			ReleaseScriptCaches (2ms)
			RebuildScriptCaches (136ms)
			SetupLoadedEditorAssemblies (977ms)
				LogAssemblyErrors (0ms)
				InitializePlatformSupportModulesInManaged (13ms)
				SetLoadedEditorAssemblies (1ms)
				RefreshPlugins (1ms)
				BeforeProcessingInitializeOnLoad (170ms)
				ProcessInitializeOnLoadAttributes (756ms)
				ProcessInitializeOnLoadMethodAttributes (16ms)
				AfterProcessingInitializeOnLoad (19ms)
				EditorAssembliesLoaded (1ms)
			ExecutionOrderSort2 (0ms)
			AwakeInstancesAfterBackupRestoration (30ms)
Platform modules already initialized, skipping
Refreshing native plugins compatible for Editor in 1.40 ms, found 3 plugins.
Preloading 0 native plugins for Editor in 0.00 ms.
Unloading 2082 Unused Serialized files (Serialized files now loaded: 0)
System memory in use before: 96.4 MB.
System memory in use after: 96.6 MB.

Unloading 16 unused Assets to reduce memory usage. Loaded Objects now: 2538.
Total: 9.195800 ms (FindLiveObjects: 0.473700 ms CreateObjectMapping: 0.202400 ms MarkObjects: 8.456500 ms  DeleteObjects: 0.059000 ms)

AssetImportParameters requested are different than current active one (requested -> active):
  custom:framework-win-MediaFoundation: 216162199b28c13a410421893ffa2e32 -> 
  custom:video-decoder-ogg-theora: a1e56fd34408186e4bbccfd4996cb3dc -> 
  custom:container-muxer-webm: aa71ff27fc2769a1b78a27578f13a17b -> 
  custom:container-demuxer-webm: 4f35f7cbe854078d1ac9338744f61a02 -> 
  custom:container-demuxer-ogg: 62fdf1f143b41e24485cea50d1cbac27 -> 
  custom:video-encoder-webm-vp8: eb34c28f22e8b96e1ab97ce403110664 -> 
  custom:video-decoder-webm-vp8: 9c59270c3fd7afecdb556c50c9e8de78 -> 
  custom:audio-decoder-ogg-vorbis: bf7c407c2cedff20999df2af8eb42d56 -> 
  custom:audio-encoder-webm-vorbis: bf7c407c2cedff20999df2af8eb42d56 -> 
========================================================================
Received Import Request.
  Time since last request: 37.054376 seconds.
  path: Assets/Scripts/GameFunctions.cs
  artifactKey: Guid(17a212b12cd00e1449bc47e6174ab646) Importer(815301076,1909f56bfc062723c751e8b465ee728b)
Start importing Assets/Scripts/GameFunctions.cs using Guid(17a212b12cd00e1449bc47e6174ab646) Importer(815301076,1909f56bfc062723c751e8b465ee728b)  -> (artifact id: '9e5ab349003d395f2a05bc06ebcd132a') in 0.020999 seconds 
  Import took 0.078498 seconds .

========================================================================
Received Import Request.
  Time since last request: 76.069305 seconds.
  path: Assets/Scripts/GameFunctions.cs
  artifactKey: Guid(17a212b12cd00e1449bc47e6174ab646) Importer(815301076,1909f56bfc062723c751e8b465ee728b)
Start importing Assets/Scripts/GameFunctions.cs using Guid(17a212b12cd00e1449bc47e6174ab646) Importer(815301076,1909f56bfc062723c751e8b465ee728b)  -> (artifact id: 'c04be03b0d044ff0a85c349785a2eef8') in 0.027222 seconds 
  Import took 0.060024 seconds .

========================================================================
Received Import Request.
  Time since last request: 56.268060 seconds.
  path: Assets/Scripts/GameFunctions.cs
  artifactKey: Guid(17a212b12cd00e1449bc47e6174ab646) Importer(815301076,1909f56bfc062723c751e8b465ee728b)
Start importing Assets/Scripts/GameFunctions.cs using Guid(17a212b12cd00e1449bc47e6174ab646) Importer(815301076,1909f56bfc062723c751e8b465ee728b)  -> (artifact id: 'c7d3dadd94892cbcd056fb7481001920') in 0.044610 seconds 
  Import took 0.059290 seconds .

========================================================================
Received Import Request.
  Time since last request: 11.829917 seconds.
  path: Assets/Scripts/GameFunctions.cs
  artifactKey: Guid(17a212b12cd00e1449bc47e6174ab646) Importer(815301076,1909f56bfc062723c751e8b465ee728b)
Start importing Assets/Scripts/GameFunctions.cs using Guid(17a212b12cd00e1449bc47e6174ab646) Importer(815301076,1909f56bfc062723c751e8b465ee728b)  -> (artifact id: 'f6381b189234c6f037429b3bc1cbb8f2') in 0.040484 seconds 
  Import took 0.067557 seconds .

========================================================================
Received Import Request.
  Time since last request: 21.967074 seconds.
  path: Assets/Scripts/GameFunctions.cs
  artifactKey: Guid(17a212b12cd00e1449bc47e6174ab646) Importer(815301076,1909f56bfc062723c751e8b465ee728b)
Start importing Assets/Scripts/GameFunctions.cs using Guid(17a212b12cd00e1449bc47e6174ab646) Importer(815301076,1909f56bfc062723c751e8b465ee728b)  -> (artifact id: '40d6fe295b8b8578f5043de9ba9914cc') in 0.013667 seconds 
  Import took 0.033591 seconds .

========================================================================
Received Import Request.
  Time since last request: 10.333140 seconds.
  path: Assets/Scripts/GameFunctions.cs
  artifactKey: Guid(17a212b12cd00e1449bc47e6174ab646) Importer(815301076,1909f56bfc062723c751e8b465ee728b)
Start importing Assets/Scripts/GameFunctions.cs using Guid(17a212b12cd00e1449bc47e6174ab646) Importer(815301076,1909f56bfc062723c751e8b465ee728b)  -> (artifact id: '5595056cbc43daace5c2b623794bb409') in 0.011976 seconds 
  Import took 0.083003 seconds .

========================================================================
Received Prepare
Registering precompiled user dll's ...
Registered in 0.012356 seconds.
Begin MonoManager ReloadAssembly
Native extension for WindowsStandalone target not found
Refreshing native plugins compatible for Editor in 1.93 ms, found 3 plugins.
Preloading 0 native plugins for Editor in 0.00 ms.
Mono: successfully reloaded assembly
- Completed reload, in  3.024 seconds
Domain Reload Profiling:
	ReloadAssembly (3025ms)
		BeginReloadAssembly (269ms)
			ExecutionOrderSort (0ms)
			DisableScriptedObjects (19ms)
			BackupInstance (0ms)
			ReleaseScriptingObjects (0ms)
			CreateAndSetChildDomain (85ms)
		EndReloadAssembly (2585ms)
			LoadAssemblies (245ms)
			RebuildTransferFunctionScriptingTraits (0ms)
			SetupTypeCache (850ms)
			ReleaseScriptCaches (2ms)
			RebuildScriptCaches (128ms)
			SetupLoadedEditorAssemblies (1061ms)
				LogAssemblyErrors (0ms)
				InitializePlatformSupportModulesInManaged (13ms)
				SetLoadedEditorAssemblies (1ms)
				RefreshPlugins (2ms)
				BeforeProcessingInitializeOnLoad (184ms)
				ProcessInitializeOnLoadAttributes (827ms)
				ProcessInitializeOnLoadMethodAttributes (15ms)
				AfterProcessingInitializeOnLoad (18ms)
				EditorAssembliesLoaded (0ms)
			ExecutionOrderSort2 (0ms)
			AwakeInstancesAfterBackupRestoration (28ms)
Platform modules already initialized, skipping
Refreshing native plugins compatible for Editor in 1.19 ms, found 3 plugins.
Preloading 0 native plugins for Editor in 0.00 ms.
Unloading 2082 Unused Serialized files (Serialized files now loaded: 0)
System memory in use before: 96.5 MB.
System memory in use after: 96.6 MB.

Unloading 16 unused Assets to reduce memory usage. Loaded Objects now: 2541.
Total: 7.590000 ms (FindLiveObjects: 0.553400 ms CreateObjectMapping: 0.174200 ms MarkObjects: 6.803200 ms  DeleteObjects: 0.056500 ms)

AssetImportParameters requested are different than current active one (requested -> active):
  custom:framework-win-MediaFoundation: 216162199b28c13a410421893ffa2e32 -> 
  custom:video-decoder-ogg-theora: a1e56fd34408186e4bbccfd4996cb3dc -> 
  custom:container-muxer-webm: aa71ff27fc2769a1b78a27578f13a17b -> 
  custom:container-demuxer-webm: 4f35f7cbe854078d1ac9338744f61a02 -> 
  custom:container-demuxer-ogg: 62fdf1f143b41e24485cea50d1cbac27 -> 
  custom:video-encoder-webm-vp8: eb34c28f22e8b96e1ab97ce403110664 -> 
  custom:video-decoder-webm-vp8: 9c59270c3fd7afecdb556c50c9e8de78 -> 
  custom:audio-decoder-ogg-vorbis: bf7c407c2cedff20999df2af8eb42d56 -> 
  custom:audio-encoder-webm-vorbis: bf7c407c2cedff20999df2af8eb42d56 -> 
========================================================================
Received Import Request.
  Time since last request: 48.105629 seconds.
  path: Assets/Scripts/GameFunctions.cs
  artifactKey: Guid(17a212b12cd00e1449bc47e6174ab646) Importer(815301076,1909f56bfc062723c751e8b465ee728b)
Start importing Assets/Scripts/GameFunctions.cs using Guid(17a212b12cd00e1449bc47e6174ab646) Importer(815301076,1909f56bfc062723c751e8b465ee728b)  -> (artifact id: '9127b783ead2a48e92cfbe94b38b74c6') in 0.031307 seconds 
  Import took 0.040369 seconds .

========================================================================
Received Import Request.
  Time since last request: 0.086995 seconds.
  path: Assets/Scripts/GameFunctions.cs
  artifactKey: Guid(17a212b12cd00e1449bc47e6174ab646) Importer(815301076,1909f56bfc062723c751e8b465ee728b)
Start importing Assets/Scripts/GameFunctions.cs using Guid(17a212b12cd00e1449bc47e6174ab646) Importer(815301076,1909f56bfc062723c751e8b465ee728b)  -> (artifact id: '9127b783ead2a48e92cfbe94b38b74c6') in 0.023167 seconds 
  Import took 0.032405 seconds .

